<?xml version="1.0" encoding="UTF-8"?>
<testsuite xmlns:xsi="http://www.w3.org/2001/XMLSchema-instance" xsi:noNamespaceSchemaLocation="https://maven.apache.org/surefire/maven-surefire-plugin/xsd/surefire-test-report-3.0.xsd" version="3.0" name="org.ntut.posd2024f.shapes.ShapeTest" time="0.0" tests="2" errors="0" skipped="0" failures="0">
  <properties>
    <property name="sun.desktop" value="windows"/>
    <property name="awt.toolkit" value="sun.awt.windows.WToolkit"/>
    <property name="file.encoding.pkg" value="sun.io"/>
    <property name="java.specification.version" value="1.8"/>
    <property name="sun.cpu.isalist" value="amd64"/>
    <property name="sun.jnu.encoding" value="MS950"/>
    <property name="java.class.path" value="C:\Users\TingYu\Code\113-1_Design_Pattern\hw_source_code\target\test-classes;C:\Users\TingYu\Code\113-1_Design_Pattern\hw_source_code\target\classes;C:\Users\TingYu\.m2\repository\junit\junit\4.12\junit-4.12.jar;C:\Users\TingYu\.m2\repository\org\hamcrest\hamcrest-core\1.3\hamcrest-core-1.3.jar;"/>
    <property name="java.vm.vendor" value="Temurin"/>
    <property name="sun.arch.data.model" value="64"/>
    <property name="user.variant" value=""/>
    <property name="java.vendor.url" value="https://adoptium.net/"/>
    <property name="user.timezone" value="GMT+08:00"/>
    <property name="java.vm.specification.version" value="1.8"/>
    <property name="os.name" value="Windows 10"/>
    <property name="user.country" value="TW"/>
    <property name="sun.java.launcher" value="SUN_STANDARD"/>
    <property name="sun.boot.library.path" value="C:\Users\TingYu\AppData\Local\Programs\Eclipse Adoptium\jdk-8.0.422.5-hotspot\jre\bin"/>
    <property name="sun.java.command" value="C:\Users\TingYu\AppData\Local\Temp\surefire6091562393449875864\surefirebooter-20241109191018533_3.jar C:\Users\TingYu\AppData\Local\Temp\surefire6091562393449875864 2024-11-09T19-10-16_296-jvmRun1 surefire-20241109191018533_1tmp surefire_0-20241109191018533_2tmp"/>
    <property name="surefire.test.class.path" value="C:\Users\TingYu\Code\113-1_Design_Pattern\hw_source_code\target\test-classes;C:\Users\TingYu\Code\113-1_Design_Pattern\hw_source_code\target\classes;C:\Users\TingYu\.m2\repository\junit\junit\4.12\junit-4.12.jar;C:\Users\TingYu\.m2\repository\org\hamcrest\hamcrest-core\1.3\hamcrest-core-1.3.jar;"/>
    <property name="sun.cpu.endian" value="little"/>
    <property name="user.home" value="C:\Users\TingYu"/>
    <property name="user.language" value="zh"/>
    <property name="java.specification.vendor" value="Oracle Corporation"/>
    <property name="java.home" value="C:\Users\TingYu\AppData\Local\Programs\Eclipse Adoptium\jdk-8.0.422.5-hotspot\jre"/>
    <property name="basedir" value="C:\Users\TingYu\Code\113-1_Design_Pattern\hw_source_code"/>
    <property name="file.separator" value="\"/>
    <property name="line.separator" value="&#10;"/>
    <property name="java.vm.specification.vendor" value="Oracle Corporation"/>
    <property name="java.specification.name" value="Java Platform API Specification"/>
    <property name="java.awt.graphicsenv" value="sun.awt.Win32GraphicsEnvironment"/>
    <property name="surefire.real.class.path" value="C:\Users\TingYu\AppData\Local\Temp\surefire6091562393449875864\surefirebooter-20241109191018533_3.jar"/>
    <property name="sun.boot.class.path" value="C:\Users\TingYu\AppData\Local\Programs\Eclipse Adoptium\jdk-8.0.422.5-hotspot\jre\lib\resources.jar;C:\Users\TingYu\AppData\Local\Programs\Eclipse Adoptium\jdk-8.0.422.5-hotspot\jre\lib\rt.jar;C:\Users\TingYu\AppData\Local\Programs\Eclipse Adoptium\jdk-8.0.422.5-hotspot\jre\lib\sunrsasign.jar;C:\Users\TingYu\AppData\Local\Programs\Eclipse Adoptium\jdk-8.0.422.5-hotspot\jre\lib\jsse.jar;C:\Users\TingYu\AppData\Local\Programs\Eclipse Adoptium\jdk-8.0.422.5-hotspot\jre\lib\jce.jar;C:\Users\TingYu\AppData\Local\Programs\Eclipse Adoptium\jdk-8.0.422.5-hotspot\jre\lib\charsets.jar;C:\Users\TingYu\AppData\Local\Programs\Eclipse Adoptium\jdk-8.0.422.5-hotspot\jre\lib\jfr.jar;C:\Users\TingYu\AppData\Local\Programs\Eclipse Adoptium\jdk-8.0.422.5-hotspot\jre\classes"/>
    <property name="user.script" value=""/>
    <property name="sun.management.compiler" value="HotSpot 64-Bit Tiered Compilers"/>
    <property name="java.runtime.version" value="1.8.0_422-b05"/>
    <property name="user.name" value="TingYu"/>
    <property name="path.separator" value=";"/>
    <property name="os.version" value="10.0"/>
    <property name="java.endorsed.dirs" value="C:\Users\TingYu\AppData\Local\Programs\Eclipse Adoptium\jdk-8.0.422.5-hotspot\jre\lib\endorsed"/>
    <property name="java.runtime.name" value="OpenJDK Runtime Environment"/>
    <property name="file.encoding" value="MS950"/>
    <property name="java.vm.name" value="OpenJDK 64-Bit Server VM"/>
    <property name="localRepository" value="C:\Users\TingYu\.m2\repository"/>
    <property name="java.vendor.url.bug" value="https://github.com/adoptium/adoptium-support/issues"/>
    <property name="java.io.tmpdir" value="C:\Users\TingYu\AppData\Local\Temp\"/>
    <property name="java.version" value="1.8.0_422"/>
    <property name="user.dir" value="C:\Users\TingYu\Code\113-1_Design_Pattern\hw_source_code"/>
    <property name="os.arch" value="amd64"/>
    <property name="java.vm.specification.name" value="Java Virtual Machine Specification"/>
    <property name="java.awt.printerjob" value="sun.awt.windows.WPrinterJob"/>
    <property name="sun.os.patch.level" value=""/>
    <property name="java.library.path" value="C:\Users\TingYu\AppData\Local\Programs\Eclipse Adoptium\jdk-8.0.422.5-hotspot\jre\bin;C:\WINDOWS\Sun\Java\bin;C:\WINDOWS\system32;C:\WINDOWS;C:\Program Files\NVIDIA GPU Computing Toolkit\CUDA\v12.6\bin;C:\Program Files\NVIDIA GPU Computing Toolkit\CUDA\v12.6\libnvvp;C:\Program Files\NVIDIA GPU Computing Toolkit\CUDA\v12.2\bin;C:\Program Files\NVIDIA GPU Computing Toolkit\CUDA\v12.2\libnvvp;C:\Windows\system32;C:\Windows;C:\Windows\System32\Wbem;C:\Windows\System32\WindowsPowerShell\v1.0\;C:\Windows\System32\OpenSSH\;C:\Program Files (x86)\NVIDIA Corporation\PhysX\Common;C:\Program Files\NVIDIA Corporation\NVIDIA NvDLISR;C:\WINDOWS\system32;C:\WINDOWS;C:\WINDOWS\System32\Wbem;C:\WINDOWS\System32\WindowsPowerShell\v1.0\;C:\WINDOWS\System32\OpenSSH\;C:\Program Files\Git\cmd;C:\Program Files\Microsoft SQL Server\150\Tools\Binn\;C:\Program Files\Microsoft SQL Server\Client SDK\ODBC\170\Tools\Binn\;C:\Program Files\Docker\Docker\resources\bin;C:\Program Files\nodejs\;C:\Program Files\LLVM\bin;C:\Program Files\CMake\bin;C:\Program Files\NVIDIA Corporation\Nsight Compute 2024.3.1\;C:\Program Files\dotnet\;C:\Program Files (x86)\Windows Kits\10\Windows Performance Toolkit\;C:\Users\TingYu\AppData\Local\Programs\Eclipse Adoptium\jdk-8.0.422.5-hotspot\bin;C:\Users\TingYu\AppData\Local\Microsoft\WindowsApps;C:\Users\TingYu\.dotnet\tools;C:\Users\TingYu\AppData\Local\Programs\oh-my-posh\bin;C:\Users\TingYu\AppData\Local\gitkraken\bin;C:\Users\TingYu\AppData\Roaming\npm;C:\Program Files\Neovim\bin;C:\Users\TingYu\apache-maven-3.9.9\bin;C:\Users\TingYu\AppData\Local\Programs\Microsoft VS Code\bin;C:\Users\TingYu\.dotnet\tools;."/>
    <property name="java.vm.info" value="mixed mode"/>
    <property name="java.vendor" value="Temurin"/>
    <property name="java.vm.version" value="25.422-b05"/>
    <property name="java.specification.maintenance.version" value="5"/>
    <property name="java.ext.dirs" value="C:\Users\TingYu\AppData\Local\Programs\Eclipse Adoptium\jdk-8.0.422.5-hotspot\jre\lib\ext;C:\WINDOWS\Sun\Java\lib\ext"/>
    <property name="sun.io.unicode.encoding" value="UnicodeLittle"/>
    <property name="java.class.version" value="52.0"/>
  </properties>
  <testcase name="testCircle" classname="org.ntut.posd2024f.shapes.ShapeTest" time="0.0"/>
  <testcase name="testRectangle" classname="org.ntut.posd2024f.shapes.ShapeTest" time="0.0"/>
</testsuite>